app/proguard-rules.pro
# Add project specific ProGuard rules here.
# You can control the set of applied configuration files using the
# proguardFiles setting in build.gradle.
#
# For more details, see
#   http://developer.android.com/guide/developing/tools/proguard.html

# If your project uses WebView with JS, uncomment the following
# and specify the fully qualified class name to the JavaScript interface
# class:
#-keepclassmembers class fqcn.of.javascript.interface.for.webview {
#   public *;
#}

# Uncomment this to preserve the line number information for
# debugging stack traces.
#-keepattributes SourceFile,LineNumberTable

# If you keep the line number information, uncomment this to
# hide the original source file name.
#-renamesourcefileattribute SourceFile

# Retrofit 2.X
## https://square.github.io/retrofit/ ##

-dontwarn retrofit2.**
-keep class retrofit2.** { *; }
-keepattributes Signature
-keepattributes Exceptions

-keepclasseswithmembers class * {
    @retrofit2.http.* <methods>;
}

#Support-Design

-dontwarn android.support.design.**
-keep class android.support.design.** { *; }
-keep interface android.support.design.** { *; }
-keep public class android.support.design.R$* { *; }

#CardView
# http://stackoverflow.com/questions/29679177/cardview-shadow-not-appearing-in-lollipop-after-obfuscate-with-proguard/29698051
-keep class android.support.v7.widget.RoundRectDrawable { *; }


# support-v7-appcompat

-keep public class android.support.v7.widget.** { *; }
-keep public class android.support.v7.internal.widget.** { *; }
-keep public class android.support.v7.internal.view.menu.** { *; }

-keep public class * extends android.support.v4.view.ActionProvider {
    public <init>(android.content.Context);
}

# RxJava 

-keep class rx.schedulers.Schedulers {
    public static <methods>;
}
-keep class rx.schedulers.ImmediateScheduler {
    public <methods>;
}
-keep class rx.schedulers.TestScheduler {
    public <methods>;
}
-keep class rx.schedulers.Schedulers {
    public static ** test();
}


-dontusemixedcaseclassnames
-dontskipnonpubliclibraryclasses
-verbose


# To enable optimization, you should include the

-optimizations !code/simplification/arithmetic,!code/simplification/cast,!field/*,!class/merging/*
-optimizationpasses 5
-allowaccessmodification


-keep public class * extends android.app.Activity
-keep public class * extends com.arellomobile.mvp.MvpAppCompatActivity
-keep public class * extends com.arellomobile.mvp.MvpPresenter
-keep public class * extends com.arellomobile.mvp.MvpView
-keep public class * extends android.app.Application
-keep public class * extends android.app.Service
-keep public class * extends android.content.BroadcastReceiver
-keep public class * extends android.content.ContentProvider
-keep public class * extends android.app.backup.BackupAgent
-keep public class * extends android.preference.Preference
-keep public class * extends android.support.v4.app.Fragment
-keep public class * extends android.support.v4.app.DialogFragment
-keep public class * extends com.actionbarsherlock.app.SherlockListFragment
-keep public class * extends com.actionbarsherlock.app.SherlockFragment
-keep public class * extends com.actionbarsherlock.app.SherlockFragmentActivity
-keep public class * extends android.app.Fragment
-keep public class com.android.vending.licensing.ILicensingService

-keepclasseswithmembernames class * {
 native <methods>;
}

-keep public class * extends android.view.View {
 public <init>(android.content.Context);
 public <init>(android.content.Context, android.util.AttributeSet);
 public <init>(android.content.Context, android.util.AttributeSet, int);
 public void set*(...);
}

-keepclasseswithmembers class * {
 public <init>(android.content.Context, android.util.AttributeSet);
}

-keepclasseswithmembers class * {
 public <init>(android.content.Context, android.util.AttributeSet, int);
}

-keepclassmembers class * extends android.app.Activity {
 public void *(android.view.View);
}

-keepclassmembers enum * {
 public static **[] values();
 public static ** valueOf(java.lang.String);
}

-keep class * implements android.os.Parcelable {
 public static final android.os.Parcelable$Creator *;
}

-keepclassmembers class **.R$* {
 public static <fields>;
}

-keep class android.support.v4.app.** { *; }
-keep interface android.support.v4.app.** { *; }
-keep class com.actionbarsherlock.** { *; }
-keep interface com.actionbarsherlock.** { *; }
-dontwarn android.support.**
-dontwarn com.google.ads.**

# OkHttp
-keepattributes Signature
-keepattributes *Annotation*
-keep class okhttp3.** { *; }
-keep interface okhttp3.** { *; }
-dontwarn okhttp3.**




-keep class javax.annotation.** {*;}
-keep interface javax.annotation.** {*;}
-dontwarn javax.annotation.**

-keep class org.codehaus.mojo.animal_sniffer.IgnoreJRERequirement

-dontwarn okio.**