app/build/outputs/mapping/debug/seeds.txt
sfedu.physics.dmitriy.githubapiresttestproject.R$anim: int abc_fade_in
sfedu.physics.dmitriy.githubapiresttestproject.R$anim: int abc_fade_out
sfedu.physics.dmitriy.githubapiresttestproject.R$anim: int abc_grow_fade_in_from_bottom
sfedu.physics.dmitriy.githubapiresttestproject.R$anim: int abc_popup_enter
sfedu.physics.dmitriy.githubapiresttestproject.R$anim: int abc_popup_exit
sfedu.physics.dmitriy.githubapiresttestproject.R$anim: int abc_shrink_fade_out_from_bottom
sfedu.physics.dmitriy.githubapiresttestproject.R$anim: int abc_slide_in_bottom
sfedu.physics.dmitriy.githubapiresttestproject.R$anim: int abc_slide_in_top
sfedu.physics.dmitriy.githubapiresttestproject.R$anim: int abc_slide_out_bottom
sfedu.physics.dmitriy.githubapiresttestproject.R$anim: int abc_slide_out_top
sfedu.physics.dmitriy.githubapiresttestproject.R$anim: int design_bottom_sheet_slide_in
sfedu.physics.dmitriy.githubapiresttestproject.R$anim: int design_bottom_sheet_slide_out
sfedu.physics.dmitriy.githubapiresttestproject.R$anim: int design_snackbar_in
sfedu.physics.dmitriy.githubapiresttestproject.R$anim: int design_snackbar_out
sfedu.physics.dmitriy.githubapiresttestproject.R$anim: int tooltip_enter
sfedu.physics.dmitriy.githubapiresttestproject.R$anim: int tooltip_exit
sfedu.physics.dmitriy.githubapiresttestproject.R$animator: int design_appbar_state_list_animator
sfedu.physics.dmitriy.githubapiresttestproject.R$attr: int actionBarDivider
sfedu.physics.dmitriy.githubapiresttestproject.R$attr: int actionBarItemBackground
sfedu.physics.dmitriy.githubapiresttestproject.R$attr: int actionBarPopupTheme
sfedu.physics.dmitriy.githubapiresttestproject.R$attr: int actionBarSize
sfedu.physics.dmitriy.githubapiresttestproject.R$attr: int actionBarSplitStyle
sfedu.physics.dmitriy.githubapiresttestproject.R$attr: int actionBarStyle
sfedu.physics.dmitriy.githubapiresttestproject.R$attr: int actionBarTabBarStyle
sfedu.physics.dmitriy.githubapiresttestproject.R$attr: int actionBarTabStyle
sfedu.physics.dmitriy.githubapiresttestproject.R$attr: int actionBarTabTextStyle
sfedu.physics.dmitriy.githubapiresttestproject.R$attr: int actionBarTheme
sfedu.physics.dmitriy.githubapiresttestproject.R$attr: int actionBarWidgetTheme
sfedu.physics.dmitriy.githubapiresttestproject.R$attr: int actionButtonStyle
sfedu.physics.dmitriy.githubapiresttestproject.R$attr: int actionDropDownStyle
sfedu.physics.dmitriy.githubapiresttestproject.R$attr: int actionLayout
sfedu.physics.dmitriy.githubapiresttestproject.R$attr: int actionMenuTextAppearance
sfedu.physics.dmitriy.githubapiresttestproject.R$attr: int actionMenuTextColor
sfedu.physics.dmitriy.githubapiresttestproject.R$attr: int actionModeBackground
sfedu.physics.dmitriy.githubapiresttestproject.R$attr: int actionModeCloseButtonStyle
sfedu.physics.dmitriy.githubapiresttestproject.R$attr: int actionModeCloseDrawable
sfedu.physics.dmitriy.githubapiresttestproject.R$bool: int abc_action_bar_embed_tabs
sfedu.physics.dmitriy.githubapiresttestproject.R$bool: int abc_allow_stacked_button_bar
sfedu.physics.dmitriy.githubapiresttestproject.R$bool: int abc_config_actionMenuItemAllCaps
sfedu.physics.dmitriy.githubapiresttestproject.R$bool: int abc_config_closeDialogWhenTouchOutside
sfedu.physics.dmitriy.githubapiresttestproject.R$bool: int abc_config_showMenuShortcutsWhenKeyboardPresent
...
android.support.mediacompat.R$integer: int cancel_button_image_alpha
android.support.mediacompat.R$integer: int status_bar_notification_info_maxnum
android.support.mediacompat.R$layout: int notification_action
android.support.mediacompat.R$layout: int notification_action_tombstone
android.support.mediacompat.R$layout: int notification_media_action
android.support.mediacompat.R$layout: int notification_media_cancel_action
android.support.mediacompat.R$layout: int notification_template_big_media
android.support.mediacompat.R$layout: int notification_template_big_media_custom
android.support.mediacompat.R$layout: int notification_template_big_media_narrow
android.support.mediacompat.R$layout: int notification_template_big_media_narrow_custom
android.support.mediacompat.R$layout: int notification_template_custom_big
android.support.mediacompat.R$layout: int notification_template_icon_group
android.support.mediacompat.R$layout: int notification_template_lines_media
android.support.mediacompat.R$layout: int notification_template_media
android.support.mediacompat.R$layout: int notification_template_media_custom
android.support.mediacompat.R$layout: int notification_template_part_chronometer
android.support.mediacompat.R$layout: int notification_template_part_time
android.support.mediacompat.R$string: int status_bar_notification_info_overflow
android.support.mediacompat.R$style: int TextAppearance_Compat_Notification
android.support.mediacompat.R$style: int TextAppearance_Compat_Notification_Info
android.support.mediacompat.R$style: int TextAppearance_Compat_Notification_Info_Media
android.support.mediacompat.R$style: int TextAppearance_Compat_Notification_Line2
android.support.mediacompat.R$style: int TextAppearance_Compat_Notification_Line2_Media
android.support.mediacompat.R$style: int TextAppearance_Compat_Notification_Media
android.support.mediacompat.R$style: int TextAppearance_Compat_Notification_Time
android.support.mediacompat.R$style: int TextAppearance_Compat_Notification_Time_Media
android.support.mediacompat.R$style: int TextAppearance_Compat_Notification_Title
android.support.mediacompat.R$style: int TextAppearance_Compat_Notification_Title_Media
android.support.mediacompat.R$style: int Widget_Compat_NotificationActionContainer
android.support.mediacompat.R$style: int Widget_Compat_NotificationActionText
android.support.mediacompat.R$styleable: int[] FontFamily
android.support.mediacompat.R$styleable: int FontFamily_fontProviderAuthority
android.support.mediacompat.R$styleable: int FontFamily_fontProviderCerts
android.support.mediacompat.R$styleable: int FontFamily_fontProviderFetchStrategy
android.support.mediacompat.R$styleable: int FontFamily_fontProviderFetchTimeout
android.support.mediacompat.R$styleable: int FontFamily_fontProviderPackage
android.support.mediacompat.R$styleable: int FontFamily_fontProviderQuery
android.support.mediacompat.R$styleable: int[] FontFamilyFont
android.support.mediacompat.R$styleable: int FontFamilyFont_font
android.support.mediacompat.R$styleable: int FontFamilyFont_fontStyle
android.support.mediacompat.R$styleable: int FontFamilyFont_fontWeight
android.support.transition.ArcMotion
android.support.transition.ArcMotion: ArcMotion(android.content.Context,android.util.AttributeSet)
android.support.transition.AutoTransition
android.support.transition.AutoTransition: AutoTransition(android.content.Context,android.util.AttributeSet)
android.support.transition.ChangeBounds
android.support.transition.ChangeBounds: ChangeBounds(android.content.Context,android.util.AttributeSet)
android.support.transition.ChangeClipBounds
android.support.transition.ChangeClipBounds: ChangeClipBounds(android.content.Context,android.util.AttributeSet)
android.support.transition.ChangeImageTransform
android.support.transition.ChangeImageTransform: ChangeImageTransform(android.content.Context,android.util.AttributeSet)