app/build/outputs/mapping/debug/mapping.txt
sfedu.physics.dmitriy.githubapiresttestproject.R -> sfedu.physics.dmitriy.githubapiresttestproject.a:
sfedu.physics.dmitriy.githubapiresttestproject.R$id -> sfedu.physics.dmitriy.githubapiresttestproject.a$a:
    int ALT -> ALT
    int CTRL -> CTRL
    int FUNCTION -> FUNCTION
    int META -> META
    int SHIFT -> SHIFT
    int SYM -> SYM
    int action0 -> action0
    int action_bar -> action_bar
    int action_bar_activity_content -> action_bar_activity_content
    int action_bar_container -> action_bar_container
    int action_bar_root -> action_bar_root
    int action_bar_spinner -> action_bar_spinner
    int action_bar_subtitle -> action_bar_subtitle
    int action_bar_title -> action_bar_title
    int action_container -> action_container
    int action_context_bar -> action_context_bar
    int action_divider -> action_divider
    int action_image -> action_image
    int action_menu_divider -> action_menu_divider
    int action_menu_presenter -> action_menu_presenter
    int action_mode_bar -> action_mode_bar
    int action_mode_bar_stub -> action_mode_bar_stub
    int action_mode_close_button -> action_mode_close_button
    int action_search -> action_search
    int action_share -> action_share
    int action_text -> action_text
    int actions -> actions
    int activity_chooser_view_content -> activity_chooser_view_content
    int add -> add
    int alertTitle -> alertTitle
    int all -> all
    int always -> always
    int async -> async
    int auth_logo_image -> auth_logo_image
    int auth_registerBT -> auth_registerBT
sfedu.physics.dmitriy.githubapiresttestproject.activity.AuthorizationActivity -> sfedu.physics.dmitriy.githubapiresttestproject.activity.AuthorizationActivity:
    java.lang.String getCLIENT_ID() -> e
    java.lang.String getCLIENT_SECRET() -> f
    java.lang.String getCLIENT_CALLBACK_URL() -> g
    void onCreate(android.os.Bundle) -> onCreate
    void attemptLogin(android.view.View) -> attemptLogin
    void onResume() -> onResume
    void skipRegistration(android.view.View) -> skipRegistration
    void <init>() -> <init>
sfedu.physics.dmitriy.githubapiresttestproject.activity.AuthorizationActivity$onResume$1 -> sfedu.physics.dmitriy.githubapiresttestproject.activity.AuthorizationActivity$a:
    sfedu.physics.dmitriy.githubapiresttestproject.activity.AuthorizationActivity this$0 -> a
    void onResponse(retrofit2.Call,retrofit2.Response) -> onResponse
    void onFailure(retrofit2.Call,java.lang.Throwable) -> onFailure
    void <init>(sfedu.physics.dmitriy.githubapiresttestproject.activity.AuthorizationActivity) -> <init>
sfedu.physics.dmitriy.githubapiresttestproject.activity.DetailActivity -> sfedu.physics.dmitriy.githubapiresttestproject.activity.DetailActivity:
    java.util.HashMap _$_findViewCache -> a
    void onCreate(android.os.Bundle) -> onCreate
    void configureActionBar() -> e
    boolean onCreateOptionsMenu(android.view.Menu) -> onCreateOptionsMenu
    android.content.Intent createShareForcastIntent() -> f
    void <init>() -> <init>
    android.view.View _$_findCachedViewById(int) -> a
sfedu.physics.dmitriy.githubapiresttestproject.activity.DetailActivity$onCreate$1 -> sfedu.physics.dmitriy.githubapiresttestproject.activity.DetailActivity$a:
    sfedu.physics.dmitriy.githubapiresttestproject.activity.DetailActivity this$0 -> a
    java.lang.String $userName -> b
    void onClick(android.view.View) -> onClick
    void <init>(sfedu.physics.dmitriy.githubapiresttestproject.activity.DetailActivity,java.lang.String) -> <init>
...
android.support.design.widget.BottomSheetBehavior$SavedState$1 -> android.support.design.widget.BottomSheetBehavior$SavedState$1:
    void <init>() -> <init>
    android.support.design.widget.BottomSheetBehavior$SavedState createFromParcel(android.os.Parcel,java.lang.ClassLoader) -> createFromParcel
    android.support.design.widget.BottomSheetBehavior$SavedState createFromParcel(android.os.Parcel) -> createFromParcel
    android.support.design.widget.BottomSheetBehavior$SavedState[] newArray(int) -> newArray
    java.lang.Object createFromParcel(android.os.Parcel,java.lang.ClassLoader) -> createFromParcel
    java.lang.Object[] newArray(int) -> newArray
    java.lang.Object createFromParcel(android.os.Parcel) -> createFromParcel
android.support.design.widget.BottomSheetBehavior$SettleRunnable -> android.support.design.widget.BottomSheetBehavior$SettleRunnable:
    android.view.View mView -> mView
    int mTargetState -> mTargetState
    android.support.design.widget.BottomSheetBehavior this$0 -> this$0
    void <init>(android.support.design.widget.BottomSheetBehavior,android.view.View,int) -> <init>
    void run() -> run
android.support.design.widget.BottomSheetBehavior$State -> android.support.design.widget.BottomSheetBehavior$State:
android.support.design.widget.BottomSheetDialog -> android.support.design.widget.BottomSheetDialog:
    android.support.design.widget.BottomSheetBehavior mBehavior -> mBehavior
    boolean mCancelable -> mCancelable
    boolean mCanceledOnTouchOutside -> mCanceledOnTouchOutside
    boolean mCanceledOnTouchOutsideSet -> mCanceledOnTouchOutsideSet
    android.support.design.widget.BottomSheetBehavior$BottomSheetCallback mBottomSheetCallback -> mBottomSheetCallback
    void <init>(android.content.Context) -> <init>
    void <init>(android.content.Context,int) -> <init>
    void <init>(android.content.Context,boolean,android.content.DialogInterface$OnCancelListener) -> <init>
    void setContentView(int) -> setContentView
    void onCreate(android.os.Bundle) -> onCreate
    void setContentView(android.view.View) -> setContentView
    void setContentView(android.view.View,android.view.ViewGroup$LayoutParams) -> setContentView
    void setCancelable(boolean) -> setCancelable
    void onStart() -> onStart
    void setCanceledOnTouchOutside(boolean) -> setCanceledOnTouchOutside
    android.view.View wrapInBottomSheet(int,android.view.View,android.view.ViewGroup$LayoutParams) -> wrapInBottomSheet
    boolean shouldWindowCloseOnTouchOutside() -> shouldWindowCloseOnTouchOutside
    int getThemeResId(android.content.Context,int) -> getThemeResId
android.support.design.widget.BottomSheetDialog$1 -> android.support.design.widget.BottomSheetDialog$1:
    android.support.design.widget.BottomSheetDialog this$0 -> this$0
    void <init>(android.support.design.widget.BottomSheetDialog) -> <init>
    void onClick(android.view.View) -> onClick
android.support.design.widget.BottomSheetDialog$2 -> android.support.design.widget.BottomSheetDialog$2:
    android.support.design.widget.BottomSheetDialog this$0 -> this$0
    void <init>(android.support.design.widget.BottomSheetDialog) -> <init>
    void onInitializeAccessibilityNodeInfo(android.view.View,android.support.v4.view.accessibility.AccessibilityNodeInfoCompat) -> onInitializeAccessibilityNodeInfo
    boolean performAccessibilityAction(android.view.View,int,android.os.Bundle) -> performAccessibilityAction
android.support.design.widget.BottomSheetDialog$3 -> android.support.design.widget.BottomSheetDialog$3:
    android.support.design.widget.BottomSheetDialog this$0 -> this$0
    void <init>(android.support.design.widget.BottomSheetDialog) -> <init>
    boolean onTouch(android.view.View,android.view.MotionEvent) -> onTouch