app/build/outputs/mapping/debug/usage.txt
sfedu.physics.dmitriy.githubapiresttestproject.BuildConfig
sfedu.physics.dmitriy.githubapiresttestproject.R:
    10:10:public R()
sfedu.physics.dmitriy.githubapiresttestproject.R$anim
sfedu.physics.dmitriy.githubapiresttestproject.R$animator
sfedu.physics.dmitriy.githubapiresttestproject.R$attr
sfedu.physics.dmitriy.githubapiresttestproject.R$bool
sfedu.physics.dmitriy.githubapiresttestproject.R$color
sfedu.physics.dmitriy.githubapiresttestproject.R$dimen
sfedu.physics.dmitriy.githubapiresttestproject.R$drawable
sfedu.physics.dmitriy.githubapiresttestproject.R$id:
    3691:3691:public R$id()
sfedu.physics.dmitriy.githubapiresttestproject.R$integer
sfedu.physics.dmitriy.githubapiresttestproject.R$layout
sfedu.physics.dmitriy.githubapiresttestproject.R$menu
sfedu.physics.dmitriy.githubapiresttestproject.R$mipmap
sfedu.physics.dmitriy.githubapiresttestproject.R$string
sfedu.physics.dmitriy.githubapiresttestproject.R$style
sfedu.physics.dmitriy.githubapiresttestproject.R$styleable
sfedu.physics.dmitriy.githubapiresttestproject.activity.AuthorizationActivity:
    private java.util.HashMap _$_findViewCache
    public android.view.View _$_findCachedViewById(int)
    public void _$_clearFindViewByIdCache()
sfedu.physics.dmitriy.githubapiresttestproject.activity.DetailActivity:
    public void _$_clearFindViewByIdCache()
sfedu.physics.dmitriy.githubapiresttestproject.activity.MvpRepositoryActivity:
    private java.util.HashMap _$_findViewCache
    22:22:public final android.support.v7.widget.RecyclerView getRecyclerView()
    22:22:public final void setRecyclerView(android.support.v7.widget.RecyclerView)
    23:23:public final android.support.v4.widget.SwipeRefreshLayout getSwipeRefreshLayout()
    23:23:public final void setSwipeRefreshLayout(android.support.v4.widget.SwipeRefreshLayout)
    24:24:public final android.app.ProgressDialog getProgressDialog()
    24:24:public final void setProgressDialog(android.app.ProgressDialog)
    25:25:public final void setUserName(java.lang.String)
    26:26:public final sfedu.physics.dmitriy.githubapiresttestproject.realmDAO.RepositoryDao getRepositoryDao()
    26:26:public final void setRepositoryDao(sfedu.physics.dmitriy.githubapiresttestproject.realmDAO.RepositoryDao)
    29:29:public final void setRepositoriesPresenter(sfedu.physics.dmitriy.githubapiresttestproject.mvp.repositpries.RepositoriesPresenter)
    31:31:public final sfedu.physics.dmitriy.githubapiresttestproject.adapter.RepositoryAdapter getRepositoryAdapter()
    31:31:public final void setRepositoryAdapter(sfedu.physics.dmitriy.githubapiresttestproject.adapter.RepositoryAdapter)
    public android.view.View _$_findCachedViewById(int)
    public void _$_clearFindViewByIdCache()
sfedu.physics.dmitriy.githubapiresttestproject.api.AccessToken
sfedu.physics.dmitriy.githubapiresttestproject.data_base_model.RepositoryDbModel:
    7:7:public final java.lang.String getName()
    7:7:public final void setName(java.lang.String)
sfedu.physics.dmitriy.githubapiresttestproject.json_model.repos_model.Repository:
    10:10:public final void setName(java.lang.String)
    36:41:public Repository(java.lang.String,boolean,java.lang.String,java.lang.String,java.lang.String,java.lang.String)
sfedu.physics.dmitriy.githubapiresttestproject.json_model.user_model.User:
    13:13:public final void setAvatarURL(java.lang.String)
    24:26:public User(java.lang.String,java.lang.String,java.lang.String)
sfedu.physics.dmitriy.githubapiresttestproject.json_model.user_model.UserResponse:
    10:10:public final void setUsers(java.util.List)
    14:14:public final void setTotalCount(int)
sfedu.physics.dmitriy.githubapiresttestproject.mvp.repositpries.RepositoriesPresenter:
    11:11:public final sfedu.physics.dmitriy.githubapiresttestproject.mvp.repositpries.RepositoriesModel getRepositoriesModel()
    12:12:public final io.reactivex.disposables.Disposable getDisposable()
    12:12:public final void setDisposable(io.reactivex.disposables.Disposable)
...
io.reactivex.internal.operators.flowable.FlowableDelaySubscriptionOther
io.reactivex.internal.operators.flowable.FlowableDelaySubscriptionOther$DelaySubscriber
io.reactivex.internal.operators.flowable.FlowableDelaySubscriptionOther$DelaySubscriber$DelaySubscription
io.reactivex.internal.operators.flowable.FlowableDelaySubscriptionOther$DelaySubscriber$OnCompleteSubscriber
io.reactivex.internal.operators.flowable.FlowableDematerialize
io.reactivex.internal.operators.flowable.FlowableDematerialize$DematerializeSubscriber
io.reactivex.internal.operators.flowable.FlowableDetach
io.reactivex.internal.operators.flowable.FlowableDetach$DetachSubscriber
io.reactivex.internal.operators.flowable.FlowableDistinct
io.reactivex.internal.operators.flowable.FlowableDistinct$DistinctSubscriber
io.reactivex.internal.operators.flowable.FlowableDistinctUntilChanged
io.reactivex.internal.operators.flowable.FlowableDistinctUntilChanged$DistinctUntilChangedConditionalSubscriber
io.reactivex.internal.operators.flowable.FlowableDistinctUntilChanged$DistinctUntilChangedSubscriber
io.reactivex.internal.operators.flowable.FlowableDoAfterNext
io.reactivex.internal.operators.flowable.FlowableDoAfterNext$DoAfterConditionalSubscriber
io.reactivex.internal.operators.flowable.FlowableDoAfterNext$DoAfterSubscriber
io.reactivex.internal.operators.flowable.FlowableDoFinally
io.reactivex.internal.operators.flowable.FlowableDoFinally$DoFinallyConditionalSubscriber
io.reactivex.internal.operators.flowable.FlowableDoFinally$DoFinallySubscriber
io.reactivex.internal.operators.flowable.FlowableDoOnEach
io.reactivex.internal.operators.flowable.FlowableDoOnEach$DoOnEachConditionalSubscriber
io.reactivex.internal.operators.flowable.FlowableDoOnEach$DoOnEachSubscriber
io.reactivex.internal.operators.flowable.FlowableDoOnLifecycle
io.reactivex.internal.operators.flowable.FlowableDoOnLifecycle$SubscriptionLambdaSubscriber
io.reactivex.internal.operators.flowable.FlowableElementAt
io.reactivex.internal.operators.flowable.FlowableElementAt$ElementAtSubscriber
io.reactivex.internal.operators.flowable.FlowableElementAtMaybe
io.reactivex.internal.operators.flowable.FlowableElementAtMaybe$ElementAtSubscriber
io.reactivex.internal.operators.flowable.FlowableElementAtSingle
io.reactivex.internal.operators.flowable.FlowableElementAtSingle$ElementAtSubscriber
io.reactivex.internal.operators.flowable.FlowableEmpty
io.reactivex.internal.operators.flowable.FlowableError
io.reactivex.internal.operators.flowable.FlowableFilter
io.reactivex.internal.operators.flowable.FlowableFilter$FilterConditionalSubscriber
io.reactivex.internal.operators.flowable.FlowableFilter$FilterSubscriber
io.reactivex.internal.operators.flowable.FlowableFlatMap
io.reactivex.internal.operators.flowable.FlowableFlatMap$InnerSubscriber
io.reactivex.internal.operators.flowable.FlowableFlatMap$MergeSubscriber
io.reactivex.internal.operators.flowable.FlowableFlatMapCompletable
io.reactivex.internal.operators.flowable.FlowableFlatMapCompletable$FlatMapCompletableMainSubscriber
io.reactivex.internal.operators.flowable.FlowableFlatMapCompletable$FlatMapCompletableMainSubscriber$InnerConsumer
io.reactivex.internal.operators.flowable.FlowableFlatMapCompletableCompletable
io.reactivex.internal.operators.flowable.FlowableFlatMapCompletableCompletable$FlatMapCompletableMainSubscriber
io.reactivex.internal.operators.flowable.FlowableFlatMapCompletableCompletable$FlatMapCompletableMainSubscriber$InnerObserver
io.reactivex.internal.operators.flowable.FlowableFlatMapMaybe
io.reactivex.internal.operators.flowable.FlowableFlatMapMaybe$FlatMapMaybeSubscriber
io.reactivex.internal.operators.flowable.FlowableFlatMapMaybe$FlatMapMaybeSubscriber$InnerObserver
io.reactivex.internal.operators.flowable.FlowableFlatMapPublisher
io.reactivex.internal.operators.flowable.FlowableFlatMapSingle
io.reactivex.internal.operators.flowable.FlowableFlatMapSingle$FlatMapSingleSubscriber